2026/03/07 06:53:46 Successfully connected to database
[GIN-debug] [WARNING] Creating an Engine instance with the Logger and Recovery middleware already attached.

[GIN-debug] [WARNING] Running in "debug" mode. Switch to "release" mode in production.
 - using env:	export GIN_MODE=release
 - using code:	gin.SetMode(gin.ReleaseMode)

[GIN-debug] Loaded HTML Templates (2): 
	- index.html
	- 

[GIN-debug] GET    /static/*filepath         --> github.com/gin-gonic/gin.(*RouterGroup).createStaticHandler.func1 (3 handlers)
[GIN-debug] HEAD   /static/*filepath         --> github.com/gin-gonic/gin.(*RouterGroup).createStaticHandler.func1 (3 handlers)
[GIN-debug] GET    /                         --> main.main.func1 (3 handlers)
[GIN-debug] GET    /api/v1/health            --> main.main.func2 (3 handlers)
[GIN-debug] POST   /api/v1/chat              --> aiwebui/internal/api/handlers.(*Handler).SendMessage-fm (3 handlers)
[GIN-debug] POST   /api/v1/chat/rag          --> aiwebui/internal/api/handlers.(*Handler).SendRAGMessage-fm (3 handlers)
[GIN-debug] GET    /api/v1/conversations/:id --> aiwebui/internal/api/handlers.(*Handler).GetConversation-fm (3 handlers)
[GIN-debug] GET    /api/v1/conversations     --> aiwebui/internal/api/handlers.(*Handler).ListConversations-fm (3 handlers)
[GIN-debug] POST   /api/v1/conversations     --> aiwebui/internal/api/handlers.(*Handler).CreateConversation-fm (3 handlers)
[GIN-debug] DELETE /api/v1/conversations/:id --> aiwebui/internal/api/handlers.(*Handler).DeleteConversation-fm (3 handlers)
[GIN-debug] GET    /api/v1/models            --> aiwebui/internal/api/handlers.(*Handler).ListModels-fm (3 handlers)
[GIN-debug] GET    /api/v1/models/:name      --> aiwebui/internal/api/handlers.(*Handler).GetModelInfo-fm (3 handlers)
[GIN-debug] GET    /api/v1/knowledge-bases   --> aiwebui/internal/api/handlers.(*Handler).ListKnowledgeBases-fm (3 handlers)
[GIN-debug] POST   /api/v1/knowledge-bases   --> aiwebui/internal/api/handlers.(*Handler).CreateKnowledgeBase-fm (3 handlers)
[GIN-debug] GET    /api/v1/knowledge-bases/:id --> aiwebui/internal/api/handlers.(*Handler).GetKnowledgeBase-fm (3 handlers)
[GIN-debug] POST   /api/v1/knowledge-bases/:id/documents --> aiwebui/internal/api/handlers.(*Handler).UploadDocument-fm (3 handlers)
[GIN-debug] GET    /api/v1/knowledge-bases/:id/search --> aiwebui/internal/api/handlers.(*Handler).SearchKnowledgeBase-fm (3 handlers)
[GIN-debug] DELETE /api/v1/knowledge-bases/:id --> aiwebui/internal/api/handlers.(*Handler).DeleteKnowledgeBase-fm (3 handlers)
[GIN-debug] GET    /api/v1/settings          --> aiwebui/internal/api/handlers.(*Handler).GetSettings-fm (4 handlers)
[GIN-debug] PUT    /api/v1/settings          --> aiwebui/internal/api/handlers.(*Handler).UpdateSettings-fm (4 handlers)
[GIN-debug] POST   /api/v1/settings/test-connection --> aiwebui/internal/api/handlers.(*Handler).TestConnection-fm (4 handlers)
[GIN-debug] POST   /api/v1/login             --> aiwebui/internal/api/handlers.(*Handler).Login-fm (3 handlers)
[GIN-debug] PUT    /api/v1/conversations/:id/rag --> aiwebui/internal/api/handlers.(*Handler).EnableRAG-fm (3 handlers)
[GIN-debug] GET    /api/v1/conversations/:id/rag --> aiwebui/internal/api/handlers.(*Handler).GetRAGStatus-fm (3 handlers)
2026/03/07 06:53:46 Starting server on 0.0.0.0:8082
[GIN-debug] [WARNING] You trusted all proxies, this is NOT safe. We recommend you to set a value.
Please check https://pkg.go.dev/github.com/gin-gonic/gin#readme-don-t-trust-all-proxies for details.
[GIN-debug] Listening and serving HTTP on 0.0.0.0:8082
signal: killed
